2025-08-16 14:29:14,131 - [config_2] - INFO - 正在使用配置ID: 2 运行，目标地址: https://openlist.469510353.xyz:8443
2025-08-16 14:29:14,132 - [config_2] - INFO - 正在尝试刷新 WebDAV 根目录: /dav/unraid/Vedio/电影美剧
2025-08-16 14:29:20,694 - [config_2] - INFO - WebDAV 目录 '/dav/unraid/Vedio/电影美剧' 刷新成功。
2025-08-16 14:29:20,695 - [config_2] - INFO - 本地目录树已加载，包括 .strm 文件和需要下载的文件。
2025-08-16 14:29:20,696 - [config_2] - INFO - 正在执行增量更新...
2025-08-16 14:29:20,696 - [config_2] - INFO - 没有找到缓存的目录树，执行全量更新。
2025-08-16 14:29:20,696 - [config_2] - INFO - 尝试遍历目录: /dav/unraid/Vedio/电影美剧
2025-08-16 14:29:21,480 - [config_2] - INFO - 目录权限已设置为 777: D:/data/movies_strm/电影美剧\
2025-08-16 14:29:21,481 - [config_2] - INFO - 尝试遍历目录: /dav/unraid/Vedio/电影美剧/
2025-08-16 14:29:21,792 - [config_2] - INFO - 目录权限已设置为 777: D:/data/movies_strm/电影美剧\
2025-08-16 14:29:22,793 - [config_2] - INFO - 尝试遍历目录: /dav/unraid/Vedio/电影美剧/007：金手指 (1964)/
2025-08-16 14:29:22,824 - [config_2] - INFO - 目录权限已设置为 777: D:/data/movies_strm/电影美剧\007：金手指 (1964)/
2025-08-16 14:29:25,825 - [config_2] - INFO - 找到视频文件: /dav/unraid/Vedio/电影美剧/007：金手指 (1964)/007：金手指 (1964) - 2160p.mkv
2025-08-16 14:29:25,826 - [config_2] - INFO - 创建 .strm 文件: D:/data/movies_strm/电影美剧\007：金手指 (1964)/007：金手指 (1964) - 2160p-strm转码.strm
2025-08-16 14:29:25,827 - [config_2] - INFO - .strm 文件已创建: D:/data/movies_strm/电影美剧\007：金手指 (1964)/007：金手指 (1964) - 2160p-strm转码.strm
2025-08-16 14:29:25,828 - [config_2] - INFO - 文件权限已设置为 777: D:/data/movies_strm/电影美剧\007：金手指 (1964)/007：金手指 (1964) - 2160p-strm转码.strm
2025-08-16 14:29:29,830 - [config_2] - INFO - 尝试遍历目录: /dav/unraid/Vedio/电影美剧/Alien Romulus (2024)/
2025-08-16 14:29:29,861 - [config_2] - INFO - 目录权限已设置为 777: D:/data/movies_strm/电影美剧\Alien Romulus (2024)/
2025-08-16 14:29:32,863 - [config_2] - INFO - 找到视频文件: /dav/unraid/Vedio/电影美剧/Alien Romulus (2024)/Alien Romulus (2024) Remux-2160p.mkv
2025-08-16 14:29:32,864 - [config_2] - INFO - 创建 .strm 文件: D:/data/movies_strm/电影美剧\Alien Romulus (2024)/Alien Romulus (2024) Remux-2160p-strm转码.strm
2025-08-16 14:29:32,864 - [config_2] - INFO - .strm 文件已创建: D:/data/movies_strm/电影美剧\Alien Romulus (2024)/Alien Romulus (2024) Remux-2160p-strm转码.strm
2025-08-16 14:29:32,865 - [config_2] - INFO - 文件权限已设置为 777: D:/data/movies_strm/电影美剧\Alien Romulus (2024)/Alien Romulus (2024) Remux-2160p-strm转码.strm
2025-08-16 14:29:35,866 - [config_2] - INFO - 尝试遍历目录: /dav/unraid/Vedio/电影美剧/Aquaman and the Lost Kingdom (2023)/
2025-08-16 14:29:36,142 - [config_2] - INFO - 目录权限已设置为 777: D:/data/movies_strm/电影美剧\Aquaman and the Lost Kingdom (2023)/
2025-08-16 14:29:46,144 - [config_2] - INFO - 找到视频文件: /dav/unraid/Vedio/电影美剧/Aquaman and the Lost Kingdom (2023)/Aquaman and the Lost Kingdom (2023) Remux-1080p.mkv
2025-08-16 14:29:46,145 - [config_2] - INFO - 创建 .strm 文件: D:/data/movies_strm/电影美剧\Aquaman and the Lost Kingdom (2023)/Aquaman and the Lost Kingdom (2023) Remux-1080p-strm转码.strm
2025-08-16 14:29:46,146 - [config_2] - INFO - .strm 文件已创建: D:/data/movies_strm/电影美剧\Aquaman and the Lost Kingdom (2023)/Aquaman and the Lost Kingdom (2023) Remux-1080p-strm转码.strm
2025-08-16 14:29:46,147 - [config_2] - INFO - 文件权限已设置为 777: D:/data/movies_strm/电影美剧\Aquaman and the Lost Kingdom (2023)/Aquaman and the Lost Kingdom (2023) Remux-1080p-strm转码.strm
2025-08-16 14:29:51,149 - [config_2] - INFO - 尝试遍历目录: /dav/unraid/Vedio/电影美剧/Bastarden.2023.1080p.BluRay.AVC.DTS-HD.MA.5.1-DIY@Audies/
2025-08-16 14:29:51,179 - [config_2] - INFO - 目录权限已设置为 777: D:/data/movies_strm/电影美剧\Bastarden.2023.1080p.BluRay.AVC.DTS-HD.MA.5.1-DIY@Audies/
2025-08-16 14:29:52,180 - [config_2] - INFO - 尝试遍历目录: /dav/unraid/Vedio/电影美剧/Bastarden.2023.1080p.BluRay.AVC.DTS-HD.MA.5.1-DIY@Audies/BDMV/
2025-08-16 14:29:52,212 - [config_2] - INFO - 目录权限已设置为 777: D:/data/movies_strm/电影美剧\Bastarden.2023.1080p.BluRay.AVC.DTS-HD.MA.5.1-DIY@Audies/BDMV/
2025-08-16 14:29:53,213 - [config_2] - INFO - 尝试遍历目录: /dav/unraid/Vedio/电影美剧/Bastarden.2023.1080p.BluRay.AVC.DTS-HD.MA.5.1-DIY@Audies/BDMV/AUXDATA/
2025-08-16 14:29:53,493 - [config_2] - INFO - 目录权限已设置为 777: D:/data/movies_strm/电影美剧\Bastarden.2023.1080p.BluRay.AVC.DTS-HD.MA.5.1-DIY@Audies/BDMV/AUXDATA/
2025-08-16 14:29:56,494 - [config_2] - INFO - 尝试遍历目录: /dav/unraid/Vedio/电影美剧/Bastarden.2023.1080p.BluRay.AVC.DTS-HD.MA.5.1-DIY@Audies/BDMV/BACKUP/
2025-08-16 14:29:57,686 - [config_2] - INFO - 目录权限已设置为 777: D:/data/movies_strm/电影美剧\Bastarden.2023.1080p.BluRay.AVC.DTS-HD.MA.5.1-DIY@Audies/BDMV/BACKUP/
2025-08-16 14:29:58,687 - [config_2] - INFO - 尝试遍历目录: /dav/unraid/Vedio/电影美剧/Bastarden.2023.1080p.BluRay.AVC.DTS-HD.MA.5.1-DIY@Audies/BDMV/BACKUP/BDJO/
2025-08-16 14:29:58,715 - [config_2] - INFO - 目录权限已设置为 777: D:/data/movies_strm/电影美剧\Bastarden.2023.1080p.BluRay.AVC.DTS-HD.MA.5.1-DIY@Audies/BDMV/BACKUP/BDJO/
2025-08-16 14:30:01,716 - [config_2] - INFO - 尝试遍历目录: /dav/unraid/Vedio/电影美剧/Bastarden.2023.1080p.BluRay.AVC.DTS-HD.MA.5.1-DIY@Audies/BDMV/BACKUP/CLIPINF/
2025-08-16 14:30:01,993 - [config_2] - INFO - 目录权限已设置为 777: D:/data/movies_strm/电影美剧\Bastarden.2023.1080p.BluRay.AVC.DTS-HD.MA.5.1-DIY@Audies/BDMV/BACKUP/CLIPINF/
2025-08-16 14:30:18,997 - [config_2] - INFO - 尝试遍历目录: /dav/unraid/Vedio/电影美剧/Bastarden.2023.1080p.BluRay.AVC.DTS-HD.MA.5.1-DIY@Audies/BDMV/BACKUP/JAR/
2025-08-16 14:30:19,025 - [config_2] - INFO - 目录权限已设置为 777: D:/data/movies_strm/电影美剧\Bastarden.2023.1080p.BluRay.AVC.DTS-HD.MA.5.1-DIY@Audies/BDMV/BACKUP/JAR/
2025-08-16 14:30:23,026 - [config_2] - INFO - 尝试遍历目录: /dav/unraid/Vedio/电影美剧/Bastarden.2023.1080p.BluRay.AVC.DTS-HD.MA.5.1-DIY@Audies/BDMV/BACKUP/PLAYLIST/
2025-08-16 14:30:23,058 - [config_2] - INFO - 目录权限已设置为 777: D:/data/movies_strm/电影美剧\Bastarden.2023.1080p.BluRay.AVC.DTS-HD.MA.5.1-DIY@Audies/BDMV/BACKUP/PLAYLIST/
2025-08-16 14:30:32,062 - [config_2] - INFO - 尝试遍历目录: /dav/unraid/Vedio/电影美剧/Bastarden.2023.1080p.BluRay.AVC.DTS-HD.MA.5.1-DIY@Audies/BDMV/BDJO/
2025-08-16 14:30:33,248 - [config_2] - INFO - 目录权限已设置为 777: D:/data/movies_strm/电影美剧\Bastarden.2023.1080p.BluRay.AVC.DTS-HD.MA.5.1-DIY@Audies/BDMV/BDJO/
2025-08-16 14:30:36,249 - [config_2] - INFO - 尝试遍历目录: /dav/unraid/Vedio/电影美剧/Bastarden.2023.1080p.BluRay.AVC.DTS-HD.MA.5.1-DIY@Audies/BDMV/CLIPINF/
2025-08-16 14:30:36,524 - [config_2] - INFO - 目录权限已设置为 777: D:/data/movies_strm/电影美剧\Bastarden.2023.1080p.BluRay.AVC.DTS-HD.MA.5.1-DIY@Audies/BDMV/CLIPINF/
2025-08-16 14:30:53,528 - [config_2] - INFO - 尝试遍历目录: /dav/unraid/Vedio/电影美剧/Bastarden.2023.1080p.BluRay.AVC.DTS-HD.MA.5.1-DIY@Audies/BDMV/JAR/
2025-08-16 14:30:53,555 - [config_2] - INFO - 目录权限已设置为 777: D:/data/movies_strm/电影美剧\Bastarden.2023.1080p.BluRay.AVC.DTS-HD.MA.5.1-DIY@Audies/BDMV/JAR/
2025-08-16 14:30:56,557 - [config_2] - INFO - 尝试遍历目录: /dav/unraid/Vedio/电影美剧/Bastarden.2023.1080p.BluRay.AVC.DTS-HD.MA.5.1-DIY@Audies/BDMV/META/
2025-08-16 14:30:56,589 - [config_2] - INFO - 目录权限已设置为 777: D:/data/movies_strm/电影美剧\Bastarden.2023.1080p.BluRay.AVC.DTS-HD.MA.5.1-DIY@Audies/BDMV/META/
2025-08-16 14:31:00,591 - [config_2] - INFO - 尝试遍历目录: /dav/unraid/Vedio/电影美剧/Bastarden.2023.1080p.BluRay.AVC.DTS-HD.MA.5.1-DIY@Audies/BDMV/PLAYLIST/
2025-08-16 14:31:00,624 - [config_2] - INFO - 目录权限已设置为 777: D:/data/movies_strm/电影美剧\Bastarden.2023.1080p.BluRay.AVC.DTS-HD.MA.5.1-DIY@Audies/BDMV/PLAYLIST/
2025-08-16 14:31:13,627 - [config_2] - INFO - 尝试遍历目录: /dav/unraid/Vedio/电影美剧/Bastarden.2023.1080p.BluRay.AVC.DTS-HD.MA.5.1-DIY@Audies/BDMV/STREAM/
2025-08-16 14:31:13,667 - [config_2] - INFO - 目录权限已设置为 777: D:/data/movies_strm/电影美剧\Bastarden.2023.1080p.BluRay.AVC.DTS-HD.MA.5.1-DIY@Audies/BDMV/STREAM/
2025-08-16 14:31:17,668 - [config_2] - INFO - 找到视频文件: /dav/unraid/Vedio/电影美剧/Bastarden.2023.1080p.BluRay.AVC.DTS-HD.MA.5.1-DIY@Audies/BDMV/STREAM/00000.m2ts
2025-08-16 14:31:17,668 - [config_2] - INFO - 创建 .strm 文件: D:/data/movies_strm/电影美剧\Bastarden.2023.1080p.BluRay.AVC.DTS-HD.MA.5.1-DIY@Audies/BDMV/STREAM/00000-strm转码.strm
2025-08-16 14:31:17,670 - [config_2] - INFO - .strm 文件已创建: D:/data/movies_strm/电影美剧\Bastarden.2023.1080p.BluRay.AVC.DTS-HD.MA.5.1-DIY@Audies/BDMV/STREAM/00000-strm转码.strm
2025-08-16 14:31:17,670 - [config_2] - INFO - 文件权限已设置为 777: D:/data/movies_strm/电影美剧\Bastarden.2023.1080p.BluRay.AVC.DTS-HD.MA.5.1-DIY@Audies/BDMV/STREAM/00000-strm转码.strm
2025-08-16 14:31:19,671 - [config_2] - INFO - 找到视频文件: /dav/unraid/Vedio/电影美剧/Bastarden.2023.1080p.BluRay.AVC.DTS-HD.MA.5.1-DIY@Audies/BDMV/STREAM/00001.m2ts
2025-08-16 14:31:19,672 - [config_2] - INFO - 创建 .strm 文件: D:/data/movies_strm/电影美剧\Bastarden.2023.1080p.BluRay.AVC.DTS-HD.MA.5.1-DIY@Audies/BDMV/STREAM/00001-strm转码.strm
2025-08-16 14:31:19,674 - [config_2] - INFO - .strm 文件已创建: D:/data/movies_strm/电影美剧\Bastarden.2023.1080p.BluRay.AVC.DTS-HD.MA.5.1-DIY@Audies/BDMV/STREAM/00001-strm转码.strm
2025-08-16 14:31:19,674 - [config_2] - INFO - 文件权限已设置为 777: D:/data/movies_strm/电影美剧\Bastarden.2023.1080p.BluRay.AVC.DTS-HD.MA.5.1-DIY@Audies/BDMV/STREAM/00001-strm转码.strm
2025-08-16 14:31:21,675 - [config_2] - INFO - 找到视频文件: /dav/unraid/Vedio/电影美剧/Bastarden.2023.1080p.BluRay.AVC.DTS-HD.MA.5.1-DIY@Audies/BDMV/STREAM/00002.m2ts
2025-08-16 14:31:21,676 - [config_2] - INFO - 跳过生成 .strm 文件: /dav/unraid/Vedio/电影美剧/Bastarden.2023.1080p.BluRay.AVC.DTS-HD.MA.5.1-DIY@Audies/BDMV/STREAM/00002.m2ts（文件大小小于 100 MB）
2025-08-16 14:31:23,677 - [config_2] - INFO - 找到视频文件: /dav/unraid/Vedio/电影美剧/Bastarden.2023.1080p.BluRay.AVC.DTS-HD.MA.5.1-DIY@Audies/BDMV/STREAM/00003.m2ts
2025-08-16 14:31:23,677 - [config_2] - INFO - 跳过生成 .strm 文件: /dav/unraid/Vedio/电影美剧/Bastarden.2023.1080p.BluRay.AVC.DTS-HD.MA.5.1-DIY@Audies/BDMV/STREAM/00003.m2ts（文件大小小于 100 MB）
2025-08-16 14:31:25,678 - [config_2] - INFO - 找到视频文件: /dav/unraid/Vedio/电影美剧/Bastarden.2023.1080p.BluRay.AVC.DTS-HD.MA.5.1-DIY@Audies/BDMV/STREAM/00004.m2ts
2025-08-16 14:31:25,678 - [config_2] - INFO - 跳过生成 .strm 文件: /dav/unraid/Vedio/电影美剧/Bastarden.2023.1080p.BluRay.AVC.DTS-HD.MA.5.1-DIY@Audies/BDMV/STREAM/00004.m2ts（文件大小小于 100 MB）
2025-08-16 14:31:27,679 - [config_2] - INFO - 找到视频文件: /dav/unraid/Vedio/电影美剧/Bastarden.2023.1080p.BluRay.AVC.DTS-HD.MA.5.1-DIY@Audies/BDMV/STREAM/00005.m2ts
2025-08-16 14:31:27,679 - [config_2] - INFO - 跳过生成 .strm 文件: /dav/unraid/Vedio/电影美剧/Bastarden.2023.1080p.BluRay.AVC.DTS-HD.MA.5.1-DIY@Audies/BDMV/STREAM/00005.m2ts（文件大小小于 100 MB）
2025-08-16 14:31:29,680 - [config_2] - INFO - 找到视频文件: /dav/unraid/Vedio/电影美剧/Bastarden.2023.1080p.BluRay.AVC.DTS-HD.MA.5.1-DIY@Audies/BDMV/STREAM/00006.m2ts
2025-08-16 14:31:29,681 - [config_2] - INFO - 跳过生成 .strm 文件: /dav/unraid/Vedio/电影美剧/Bastarden.2023.1080p.BluRay.AVC.DTS-HD.MA.5.1-DIY@Audies/BDMV/STREAM/00006.m2ts（文件大小小于 100 MB）
2025-08-16 14:31:33,683 - [config_2] - INFO - 尝试遍历目录: /dav/unraid/Vedio/电影美剧/Bastarden.2023.1080p.BluRay.AVC.DTS-HD.MA.5.1-DIY@Audies/CERTIFICATE/
2025-08-16 14:31:33,961 - [config_2] - INFO - 目录权限已设置为 777: D:/data/movies_strm/电影美剧\Bastarden.2023.1080p.BluRay.AVC.DTS-HD.MA.5.1-DIY@Audies/CERTIFICATE/
2025-08-16 14:31:34,962 - [config_2] - INFO - 尝试遍历目录: /dav/unraid/Vedio/电影美剧/Bastarden.2023.1080p.BluRay.AVC.DTS-HD.MA.5.1-DIY@Audies/CERTIFICATE/BACKUP/
2025-08-16 14:31:34,990 - [config_2] - INFO - 目录权限已设置为 777: D:/data/movies_strm/电影美剧\Bastarden.2023.1080p.BluRay.AVC.DTS-HD.MA.5.1-DIY@Audies/CERTIFICATE/BACKUP/
2025-08-16 14:31:44,994 - [config_2] - INFO - 尝试遍历目录: /dav/unraid/Vedio/电影美剧/Bring Her Back (2025)/
2025-08-16 14:31:45,023 - [config_2] - INFO - 目录权限已设置为 777: D:/data/movies_strm/电影美剧\Bring Her Back (2025)/
2025-08-16 14:31:47,024 - [config_2] - INFO - 找到视频文件: /dav/unraid/Vedio/电影美剧/Bring Her Back (2025)/Bring Her Back (2025) WEBDL-2160p.mp4
2025-08-16 14:31:47,025 - [config_2] - INFO - 创建 .strm 文件: D:/data/movies_strm/电影美剧\Bring Her Back (2025)/Bring Her Back (2025) WEBDL-2160p-strm转码.strm
2025-08-16 14:31:47,026 - [config_2] - INFO - .strm 文件已创建: D:/data/movies_strm/电影美剧\Bring Her Back (2025)/Bring Her Back (2025) WEBDL-2160p-strm转码.strm
2025-08-16 14:31:47,027 - [config_2] - INFO - 文件权限已设置为 777: D:/data/movies_strm/电影美剧\Bring Her Back (2025)/Bring Her Back (2025) WEBDL-2160p-strm转码.strm
2025-08-16 14:31:49,028 - [config_2] - INFO - 尝试遍历目录: /dav/unraid/Vedio/电影美剧/Deadpool & Wolverine (2024)/
2025-08-16 14:31:49,315 - [config_2] - INFO - 目录权限已设置为 777: D:/data/movies_strm/电影美剧\Deadpool & Wolverine (2024)/
2025-08-16 14:31:51,317 - [config_2] - INFO - 找到视频文件: /dav/unraid/Vedio/电影美剧/Deadpool & Wolverine (2024)/Deadpool & Wolverine (2024) Remux-2160p.mkv
2025-08-16 14:31:51,317 - [config_2] - INFO - 创建 .strm 文件: D:/data/movies_strm/电影美剧\Deadpool & Wolverine (2024)/Deadpool & Wolverine (2024) Remux-2160p-strm转码.strm
2025-08-16 14:31:51,319 - [config_2] - INFO - .strm 文件已创建: D:/data/movies_strm/电影美剧\Deadpool & Wolverine (2024)/Deadpool & Wolverine (2024) Remux-2160p-strm转码.strm
2025-08-16 14:31:51,319 - [config_2] - INFO - 文件权限已设置为 777: D:/data/movies_strm/电影美剧\Deadpool & Wolverine (2024)/Deadpool & Wolverine (2024) Remux-2160p-strm转码.strm
2025-08-16 14:31:54,322 - [config_2] - INFO - 尝试遍历目录: /dav/unraid/Vedio/电影美剧/Django Unchained (2012)/
2025-08-16 14:31:56,731 - [config_2] - INFO - 目录权限已设置为 777: D:/data/movies_strm/电影美剧\Django Unchained (2012)/
2025-08-16 14:32:00,733 - [config_2] - INFO - 找到视频文件: /dav/unraid/Vedio/电影美剧/Django Unchained (2012)/Django Unchained (2012) WEBDL-2160p.mkv
2025-08-16 14:32:00,733 - [config_2] - INFO - 创建 .strm 文件: D:/data/movies_strm/电影美剧\Django Unchained (2012)/Django Unchained (2012) WEBDL-2160p-strm转码.strm
2025-08-16 14:32:00,734 - [config_2] - INFO - .strm 文件已创建: D:/data/movies_strm/电影美剧\Django Unchained (2012)/Django Unchained (2012) WEBDL-2160p-strm转码.strm
2025-08-16 14:32:00,735 - [config_2] - INFO - 文件权限已设置为 777: D:/data/movies_strm/电影美剧\Django Unchained (2012)/Django Unchained (2012) WEBDL-2160p-strm转码.strm
2025-08-16 14:32:03,737 - [config_2] - INFO - 尝试遍历目录: /dav/unraid/Vedio/电影美剧/Expend4bles (2023)/
2025-08-16 14:32:03,768 - [config_2] - INFO - 目录权限已设置为 777: D:/data/movies_strm/电影美剧\Expend4bles (2023)/
2025-08-16 14:32:06,770 - [config_2] - INFO - 找到视频文件: /dav/unraid/Vedio/电影美剧/Expend4bles (2023)/Expend4bles (2023) Bluray-2160p.mkv
2025-08-16 14:32:06,771 - [config_2] - INFO - 创建 .strm 文件: D:/data/movies_strm/电影美剧\Expend4bles (2023)/Expend4bles (2023) Bluray-2160p-strm转码.strm
2025-08-16 14:32:06,772 - [config_2] - INFO - .strm 文件已创建: D:/data/movies_strm/电影美剧\Expend4bles (2023)/Expend4bles (2023) Bluray-2160p-strm转码.strm
2025-08-16 14:32:06,773 - [config_2] - INFO - 文件权限已设置为 777: D:/data/movies_strm/电影美剧\Expend4bles (2023)/Expend4bles (2023) Bluray-2160p-strm转码.strm
2025-08-16 14:32:12,775 - [config_2] - INFO - 尝试遍历目录: /dav/unraid/Vedio/电影美剧/Five Nights at Freddy's (2023)/
2025-08-16 14:32:12,805 - [config_2] - INFO - 目录权限已设置为 777: D:/data/movies_strm/电影美剧\Five Nights at Freddy's (2023)/
2025-08-16 14:32:18,806 - [config_2] - INFO - 找到视频文件: /dav/unraid/Vedio/电影美剧/Five Nights at Freddy's (2023)/Five Nights at Freddy's (2023) Bluray-2160p.mkv
2025-08-16 14:32:18,807 - [config_2] - INFO - 创建 .strm 文件: D:/data/movies_strm/电影美剧\Five Nights at Freddy's (2023)/Five Nights at Freddy's (2023) Bluray-2160p-strm转码.strm
2025-08-16 14:32:18,808 - [config_2] - INFO - .strm 文件已创建: D:/data/movies_strm/电影美剧\Five Nights at Freddy's (2023)/Five Nights at Freddy's (2023) Bluray-2160p-strm转码.strm
2025-08-16 14:32:18,809 - [config_2] - INFO - 文件权限已设置为 777: D:/data/movies_strm/电影美剧\Five Nights at Freddy's (2023)/Five Nights at Freddy's (2023) Bluray-2160p-strm转码.strm
2025-08-16 14:32:27,811 - [config_2] - INFO - 尝试遍历目录: /dav/unraid/Vedio/电影美剧/Godzilla x Kong The New Empire (2024)/
2025-08-16 14:32:27,852 - [config_2] - INFO - 目录权限已设置为 777: D:/data/movies_strm/电影美剧\Godzilla x Kong The New Empire (2024)/
2025-08-16 14:32:30,854 - [config_2] - INFO - 找到视频文件: /dav/unraid/Vedio/电影美剧/Godzilla x Kong The New Empire (2024)/Godzilla x Kong The New Empire (2024) Bluray-2160p.mkv
2025-08-16 14:32:30,854 - [config_2] - INFO - 创建 .strm 文件: D:/data/movies_strm/电影美剧\Godzilla x Kong The New Empire (2024)/Godzilla x Kong The New Empire (2024) Bluray-2160p-strm转码.strm
2025-08-16 14:32:30,870 - [config_2] - INFO - .strm 文件已创建: D:/data/movies_strm/电影美剧\Godzilla x Kong The New Empire (2024)/Godzilla x Kong The New Empire (2024) Bluray-2160p-strm转码.strm
2025-08-16 14:32:30,871 - [config_2] - INFO - 文件权限已设置为 777: D:/data/movies_strm/电影美剧\Godzilla x Kong The New Empire (2024)/Godzilla x Kong The New Empire (2024) Bluray-2160p-strm转码.strm
2025-08-16 14:32:33,872 - [config_2] - INFO - 尝试遍历目录: /dav/unraid/Vedio/电影美剧/Jigen Daisuke (2023)/
2025-08-16 14:32:34,146 - [config_2] - INFO - 目录权限已设置为 777: D:/data/movies_strm/电影美剧\Jigen Daisuke (2023)/
2025-08-16 14:32:37,148 - [config_2] - INFO - 找到视频文件: /dav/unraid/Vedio/电影美剧/Jigen Daisuke (2023)/Jigen Daisuke (2023) WEBRip-720p.mp4
2025-08-16 14:32:37,148 - [config_2] - INFO - 创建 .strm 文件: D:/data/movies_strm/电影美剧\Jigen Daisuke (2023)/Jigen Daisuke (2023) WEBRip-720p-strm转码.strm
2025-08-16 14:32:37,149 - [config_2] - INFO - .strm 文件已创建: D:/data/movies_strm/电影美剧\Jigen Daisuke (2023)/Jigen Daisuke (2023) WEBRip-720p-strm转码.strm
2025-08-16 14:32:37,149 - [config_2] - INFO - 文件权限已设置为 777: D:/data/movies_strm/电影美剧\Jigen Daisuke (2023)/Jigen Daisuke (2023) WEBRip-720p-strm转码.strm
2025-08-16 14:32:43,152 - [config_2] - INFO - 尝试遍历目录: /dav/unraid/Vedio/电影美剧/Jose与虎与鱼们 (2020)/
2025-08-16 14:32:43,183 - [config_2] - INFO - 目录权限已设置为 777: D:/data/movies_strm/电影美剧\Jose与虎与鱼们 (2020)/
2025-08-16 14:32:46,185 - [config_2] - INFO - 找到视频文件: /dav/unraid/Vedio/电影美剧/Jose与虎与鱼们 (2020)/Jose与虎与鱼们 (2020) - 1080p.mkv
2025-08-16 14:32:46,185 - [config_2] - INFO - 创建 .strm 文件: D:/data/movies_strm/电影美剧\Jose与虎与鱼们 (2020)/Jose与虎与鱼们 (2020) - 1080p-strm转码.strm
2025-08-16 14:32:46,187 - [config_2] - INFO - .strm 文件已创建: D:/data/movies_strm/电影美剧\Jose与虎与鱼们 (2020)/Jose与虎与鱼们 (2020) - 1080p-strm转码.strm
2025-08-16 14:32:46,188 - [config_2] - INFO - 文件权限已设置为 777: D:/data/movies_strm/电影美剧\Jose与虎与鱼们 (2020)/Jose与虎与鱼们 (2020) - 1080p-strm转码.strm
2025-08-16 14:32:50,190 - [config_2] - INFO - 尝试遍历目录: /dav/unraid/Vedio/电影美剧/Killers of the Flower Moon (2023)/
2025-08-16 14:32:50,222 - [config_2] - INFO - 目录权限已设置为 777: D:/data/movies_strm/电影美剧\Killers of the Flower Moon (2023)/
2025-08-16 14:32:53,224 - [config_2] - INFO - 找到视频文件: /dav/unraid/Vedio/电影美剧/Killers of the Flower Moon (2023)/Killers of the Flower Moon (2023) WEBRip-1080p.mp4
2025-08-16 14:32:53,224 - [config_2] - INFO - 创建 .strm 文件: D:/data/movies_strm/电影美剧\Killers of the Flower Moon (2023)/Killers of the Flower Moon (2023) WEBRip-1080p-strm转码.strm
2025-08-16 14:32:53,225 - [config_2] - INFO - .strm 文件已创建: D:/data/movies_strm/电影美剧\Killers of the Flower Moon (2023)/Killers of the Flower Moon (2023) WEBRip-1080p-strm转码.strm
2025-08-16 14:32:53,226 - [config_2] - INFO - 文件权限已设置为 777: D:/data/movies_strm/电影美剧\Killers of the Flower Moon (2023)/Killers of the Flower Moon (2023) WEBRip-1080p-strm转码.strm
2025-08-16 14:33:00,229 - [config_2] - INFO - 尝试遍历目录: /dav/unraid/Vedio/电影美剧/Kung Fu Panda 4 (2024)/
2025-08-16 14:33:00,370 - [config_2] - INFO - 目录权限已设置为 777: D:/data/movies_strm/电影美剧\Kung Fu Panda 4 (2024)/
2025-08-16 14:33:10,373 - [config_2] - INFO - 找到视频文件: /dav/unraid/Vedio/电影美剧/Kung Fu Panda 4 (2024)/Kung Fu Panda 4 (2024) WEBDL-2160p.mkv
2025-08-16 14:33:10,374 - [config_2] - INFO - 创建 .strm 文件: D:/data/movies_strm/电影美剧\Kung Fu Panda 4 (2024)/Kung Fu Panda 4 (2024) WEBDL-2160p-strm转码.strm
2025-08-16 14:33:10,375 - [config_2] - INFO - .strm 文件已创建: D:/data/movies_strm/电影美剧\Kung Fu Panda 4 (2024)/Kung Fu Panda 4 (2024) WEBDL-2160p-strm转码.strm
2025-08-16 14:33:10,376 - [config_2] - INFO - 文件权限已设置为 777: D:/data/movies_strm/电影美剧\Kung Fu Panda 4 (2024)/Kung Fu Panda 4 (2024) WEBDL-2160p-strm转码.strm
2025-08-16 14:33:15,377 - [config_2] - INFO - 尝试遍历目录: /dav/unraid/Vedio/电影美剧/Muromachi Burai (2025)/
2025-08-16 14:33:15,671 - [config_2] - INFO - 目录权限已设置为 777: D:/data/movies_strm/电影美剧\Muromachi Burai (2025)/
2025-08-16 14:33:17,672 - [config_2] - INFO - 找到视频文件: /dav/unraid/Vedio/电影美剧/Muromachi Burai (2025)/Muromachi Burai (2025) Remux-1080p.mkv
2025-08-16 14:33:17,673 - [config_2] - INFO - 创建 .strm 文件: D:/data/movies_strm/电影美剧\Muromachi Burai (2025)/Muromachi Burai (2025) Remux-1080p-strm转码.strm
2025-08-16 14:33:17,673 - [config_2] - INFO - .strm 文件已创建: D:/data/movies_strm/电影美剧\Muromachi Burai (2025)/Muromachi Burai (2025) Remux-1080p-strm转码.strm
2025-08-16 14:33:17,674 - [config_2] - INFO - 文件权限已设置为 777: D:/data/movies_strm/电影美剧\Muromachi Burai (2025)/Muromachi Burai (2025) Remux-1080p-strm转码.strm
2025-08-16 14:33:18,675 - [config_2] - INFO - 尝试遍历目录: /dav/unraid/Vedio/电影美剧/Nowhere (2023)/
2025-08-16 14:33:18,741 - [config_2] - INFO - 目录权限已设置为 777: D:/data/movies_strm/电影美剧\Nowhere (2023)/
2025-08-16 14:33:21,743 - [config_2] - INFO - 找到视频文件: /dav/unraid/Vedio/电影美剧/Nowhere (2023)/Nowhere (2023) WEBDL-2160p.mkv
2025-08-16 14:33:21,743 - [config_2] - INFO - 创建 .strm 文件: D:/data/movies_strm/电影美剧\Nowhere (2023)/Nowhere (2023) WEBDL-2160p-strm转码.strm
2025-08-16 14:33:21,745 - [config_2] - INFO - .strm 文件已创建: D:/data/movies_strm/电影美剧\Nowhere (2023)/Nowhere (2023) WEBDL-2160p-strm转码.strm
2025-08-16 14:33:21,746 - [config_2] - INFO - 文件权限已设置为 777: D:/data/movies_strm/电影美剧\Nowhere (2023)/Nowhere (2023) WEBDL-2160p-strm转码.strm
2025-08-16 14:33:26,748 - [config_2] - INFO - 尝试遍历目录: /dav/unraid/Vedio/电影美剧/Prometheus (2012)/
2025-08-16 14:33:26,780 - [config_2] - INFO - 目录权限已设置为 777: D:/data/movies_strm/电影美剧\Prometheus (2012)/
2025-08-16 14:33:30,782 - [config_2] - INFO - 找到视频文件: /dav/unraid/Vedio/电影美剧/Prometheus (2012)/Prometheus (2012) Bluray-2160p.mkv
2025-08-16 14:33:30,782 - [config_2] - INFO - 创建 .strm 文件: D:/data/movies_strm/电影美剧\Prometheus (2012)/Prometheus (2012) Bluray-2160p-strm转码.strm
2025-08-16 14:33:30,783 - [config_2] - INFO - .strm 文件已创建: D:/data/movies_strm/电影美剧\Prometheus (2012)/Prometheus (2012) Bluray-2160p-strm转码.strm
2025-08-16 14:33:30,784 - [config_2] - INFO - 文件权限已设置为 777: D:/data/movies_strm/电影美剧\Prometheus (2012)/Prometheus (2012) Bluray-2160p-strm转码.strm
2025-08-16 14:33:33,785 - [config_2] - INFO - 尝试遍历目录: /dav/unraid/Vedio/电影美剧/Rebel Moon - Part One A Child of Fire (2023)/
2025-08-16 14:33:33,844 - [config_2] - INFO - 目录权限已设置为 777: D:/data/movies_strm/电影美剧\Rebel Moon - Part One A Child of Fire (2023)/
2025-08-16 14:33:43,846 - [config_2] - INFO - 找到视频文件: /dav/unraid/Vedio/电影美剧/Rebel Moon - Part One A Child of Fire (2023)/Rebel Moon - Part One A Child of Fire (2023) WEBDL-2160p Proper.mkv
2025-08-16 14:33:43,847 - [config_2] - INFO - 创建 .strm 文件: D:/data/movies_strm/电影美剧\Rebel Moon - Part One A Child of Fire (2023)/Rebel Moon - Part One A Child of Fire (2023) WEBDL-2160p Proper-strm转码.strm
2025-08-16 14:33:43,848 - [config_2] - INFO - .strm 文件已创建: D:/data/movies_strm/电影美剧\Rebel Moon - Part One A Child of Fire (2023)/Rebel Moon - Part One A Child of Fire (2023) WEBDL-2160p Proper-strm转码.strm
2025-08-16 14:33:43,849 - [config_2] - INFO - 文件权限已设置为 777: D:/data/movies_strm/电影美剧\Rebel Moon - Part One A Child of Fire (2023)/Rebel Moon - Part One A Child of Fire (2023) WEBDL-2160p Proper-strm转码.strm
2025-08-16 14:33:54,852 - [config_2] - INFO - 尝试遍历目录: /dav/unraid/Vedio/电影美剧/The Beekeeper (2024)/
2025-08-16 14:33:54,883 - [config_2] - INFO - 目录权限已设置为 777: D:/data/movies_strm/电影美剧\The Beekeeper (2024)/
